[ff242@aphid PS6]$ ./blockchain 

---------------------------------------------------------------
	Fan Feng
	CPSC 427/527
	Sun Dec  2 2018	17:09:54
---------------------------------------------------------------
Please enter a command: P
[0, 1]
[0, 1]
[0, 1]
[0, 1]
[0, 1]
[0, 1]
[0, 1]
[0, 1]
[0, 1]
[0, 1]
Please enter a command: E1
Please enter a command: P
[0, 1]
[0, 1], [1, 2]
[0, 1]
[0, 1]
[0, 1]
[0, 1]
[0, 1]
[0, 1]
[0, 1]
[0, 1]
Please enter a command: E8
Please enter a command: P
[0, 1]
[0, 1], [1, 2]
[0, 1]
[0, 1]
[0, 1]
[0, 1]
[0, 1]
[0, 1]
[0, 1], [1, 3]
[0, 1]
Please enter a command: E8
Please enter a command: P
[0, 1]
[0, 1], [1, 2]
[0, 1]
[0, 1]
[0, 1]
[0, 1]
[0, 1]
[0, 1]
[0, 1], [1, 3], [2, 4]
[0, 1]
Please enter a command: E8
Please enter a command: P
[0, 1]
[0, 1], [1, 2]
[0, 1]
[0, 1]
[0, 1]
[0, 1]
[0, 1]
[0, 1]
[0, 1], [1, 3], [2, 4], [3, 5]
[0, 1]
Please enter a command: A01
Please enter a command: P
[0, 1], [1, 2]
[0, 1], [1, 2]
[0, 1]
[0, 1]
[0, 1]
[0, 1]
[0, 1]
[0, 1]
[0, 1], [1, 3], [2, 4], [3, 5]
[0, 1]
Please enter a command: A08
Please enter a command: P
[0, 1], [1, 3], [2, 4], [3, 5]
[0, 1], [1, 2]
[0, 1]
[0, 1]
[0, 1]
[0, 1]
[0, 1]
[0, 1]
[0, 1], [1, 3], [2, 4], [3, 5]
[0, 1]
Please enter a command: Q
Exiting...

---------------------------------------------------------------
Normal termination.


