[ff242@aphid PS6]$ valgrind ./blockchain 
==12599== Memcheck, a memory error detector
==12599== Copyright (C) 2002-2017, and GNU GPL'd, by Julian Seward et al.
==12599== Using Valgrind-3.14.0 and LibVEX; rerun with -h for copyright info
==12599== Command: ./blockchain
==12599== 

---------------------------------------------------------------
	Fan Feng
	CPSC 427/527
	Sun Dec  2 2018	17:12:43
---------------------------------------------------------------
Please enter a command: P
[0, 1]
[0, 1]
[0, 1]
[0, 1]
[0, 1]
[0, 1]
[0, 1]
[0, 1]
[0, 1]
[0, 1]
Please enter a command: E1
Please enter a command: P
[0, 1]
[0, 1], [1, 2]
[0, 1]
[0, 1]
[0, 1]
[0, 1]
[0, 1]
[0, 1]
[0, 1]
[0, 1]
Please enter a command: E6
Please enter a command: E7
Please enter a command: E9
Please enter a command: P
[0, 1]
[0, 1], [1, 2]
[0, 1]
[0, 1]
[0, 1]
[0, 1]
[0, 1], [1, 3]
[0, 1], [1, 4]
[0, 1]
[0, 1], [1, 5]
Please enter a command: Q
Exiting...

---------------------------------------------------------------
Normal termination.
==12599== 
==12599== HEAP SUMMARY:
==12599==     in use at exit: 4 bytes in 1 blocks
==12599==   total heap usage: 23 allocs, 22 frees, 81,922 bytes allocated
==12599== 
==12599== LEAK SUMMARY:
==12599==    definitely lost: 0 bytes in 0 blocks
==12599==    indirectly lost: 0 bytes in 0 blocks
==12599==      possibly lost: 0 bytes in 0 blocks
==12599==    still reachable: 4 bytes in 1 blocks
==12599==         suppressed: 0 bytes in 0 blocks
==12599== Rerun with --leak-check=full to see details of leaked memory
==12599== 
==12599== For counts of detected and suppressed errors, rerun with: -v
==12599== ERROR SUMMARY: 0 errors from 0 contexts (suppressed: 0 from 0)


