Fans-MacBook-Pro:PS7 fanfeng$ ./blockchain 10 100 .9 .05 .1 1543782199

---------------------------------------------------------------
  Fan Feng
  CPSC 427/527
  Sat Dec  8 2018 22:13:53
---------------------------------------------------------------
Welcome to Consensus Simulator!
Using seed: 1543782199
    numAgents: 10
    maxRounds: 100
      probNak: 0.9
   probFickle: 0.05
   probExtend: 0.1

Population statistics: 
       numNak: 8
    numFickle: 0
     numCrowd: 2

Current blockchain choices after 100 rounds: 
Agent 0 choice: [0, 1], [1, 5], [2, 6], [3, 7], [4, 8], [5, 12]
Agent 1 choice: [0, 1], [1, 5], [2, 6], [3, 7], [4, 8], [5, 12]
Agent 2 choice: [0, 1], [1, 5], [2, 6], [3, 7], [4, 8], [5, 12]
Agent 3 choice: [0, 1], [1, 5], [2, 6], [3, 7], [4, 8], [5, 14]
Agent 4 choice: [0, 1], [1, 3], [2, 11], [3, 13]
Agent 5 choice: [0, 1], [1, 4]
Agent 6 choice: [0, 1], [1, 5], [2, 6], [3, 7], [4, 8]
Agent 7 choice: [0, 1], [1, 5], [2, 6], [3, 7], [4, 8], [5, 12]
Agent 8 choice: [0, 1], [1, 5], [2, 6], [3, 7], [4, 8], [5, 12]
Agent 9 choice: [0, 1], [1, 5], [2, 6], [3, 7], [4, 8], [5, 12]

---------------------------------------------------------------
Normal termination.



Fans-MacBook-Pro:PS7 fanfeng$ ./blockchain 30 100 .9 .05 .1 1543782199

---------------------------------------------------------------
  Fan Feng
  CPSC 427/527
  Sat Dec  8 2018 22:14:08
---------------------------------------------------------------
Welcome to Consensus Simulator!
Using seed: 1543782199
    numAgents: 30
    maxRounds: 100
      probNak: 0.9
   probFickle: 0.05
   probExtend: 0.1

Population statistics: 
       numNak: 27
    numFickle: 0
     numCrowd: 3

Current blockchain choices after 100 rounds: 
Agent 0 choice: [0, 1], [1, 11]
Agent 1 choice: [0, 1], [1, 4], [2, 5], [3, 12]
Agent 2 choice: [0, 1], [1, 4], [2, 5], [3, 8], [4, 9]
Agent 3 choice: [0, 1], [1, 4], [2, 5]
Agent 4 choice: [0, 1], [1, 4], [2, 5], [3, 12]
Agent 5 choice: [0, 1]
Agent 6 choice: [0, 1], [1, 6]
Agent 7 choice: [0, 1], [1, 4], [2, 5], [3, 8], [4, 9]
Agent 8 choice: [0, 1], [1, 4], [2, 5], [3, 12]
Agent 9 choice: [0, 1]
Agent 10 choice: [0, 1], [1, 4], [2, 5], [3, 8], [4, 9]
Agent 11 choice: [0, 1]
Agent 12 choice: [0, 1], [1, 4], [2, 5], [3, 8], [4, 9]
Agent 13 choice: [0, 1], [1, 2], [2, 13]
Agent 14 choice: [0, 1], [1, 6]
Agent 15 choice: [0, 1], [1, 7]
Agent 16 choice: [0, 1], [1, 3]
Agent 17 choice: [0, 1], [1, 11]
Agent 18 choice: [0, 1], [1, 4], [2, 5], [3, 8], [4, 9]
Agent 19 choice: [0, 1], [1, 3]
Agent 20 choice: [0, 1], [1, 4], [2, 5], [3, 8], [4, 9]
Agent 21 choice: [0, 1], [1, 4], [2, 5], [3, 8], [4, 9]
Agent 22 choice: [0, 1], [1, 4], [2, 5]
Agent 23 choice: [0, 1], [1, 3]
Agent 24 choice: [0, 1], [1, 7], [2, 10]
Agent 25 choice: [0, 1], [1, 3]
Agent 26 choice: [0, 1], [1, 4], [2, 5], [3, 8], [4, 9]
Agent 27 choice: [0, 1], [1, 4], [2, 5]
Agent 28 choice: [0, 1]
Agent 29 choice: [0, 1], [1, 4], [2, 5]

---------------------------------------------------------------
Normal termination.



Fans-MacBook-Pro:PS7 fanfeng$ ./blockchain 50 100 .9 .05 .1 1543782199

---------------------------------------------------------------
  Fan Feng
  CPSC 427/527
  Sat Dec  8 2018 22:14:13
---------------------------------------------------------------
Welcome to Consensus Simulator!
Using seed: 1543782199
    numAgents: 50
    maxRounds: 100
      probNak: 0.9
   probFickle: 0.05
   probExtend: 0.1

Population statistics: 
       numNak: 45
    numFickle: 2
     numCrowd: 3

Current blockchain choices after 100 rounds: 
Agent 0 choice: [0, 1]
Agent 1 choice: [0, 1]
Agent 2 choice: [0, 1], [1, 7]
Agent 3 choice: [0, 1]
Agent 4 choice: [0, 1]
Agent 5 choice: [0, 1]
Agent 6 choice: [0, 1]
Agent 7 choice: [0, 1]
Agent 8 choice: [0, 1]
Agent 9 choice: [0, 1]
Agent 10 choice: [0, 1], [1, 3], [2, 4], [3, 5]
Agent 11 choice: [0, 1]
Agent 12 choice: [0, 1], [1, 3], [2, 4], [3, 5]
Agent 13 choice: [0, 1], [1, 12]
Agent 14 choice: [0, 1], [1, 3], [2, 4], [3, 5], [4, 6], [5, 11]
Agent 15 choice: [0, 1]
Agent 16 choice: [0, 1]
Agent 17 choice: [0, 1], [1, 10]
Agent 18 choice: [0, 1]
Agent 19 choice: [0, 1]
Agent 20 choice: [0, 1]
Agent 21 choice: [0, 1]
Agent 22 choice: [0, 1]
Agent 23 choice: [0, 1]
Agent 24 choice: [0, 1]
Agent 25 choice: [0, 1]
Agent 26 choice: [0, 1], [1, 3], [2, 4]
Agent 27 choice: [0, 1]
Agent 28 choice: [0, 1]
Agent 29 choice: [0, 1]
Agent 30 choice: [0, 1]
Agent 31 choice: [0, 1]
Agent 32 choice: [0, 1], [1, 8]
Agent 33 choice: [0, 1]
Agent 34 choice: [0, 1]
Agent 35 choice: [0, 1]
Agent 36 choice: [0, 1], [1, 14]
Agent 37 choice: [0, 1]
Agent 38 choice: [0, 1]
Agent 39 choice: [0, 1], [1, 3], [2, 4], [3, 5]
Agent 40 choice: [0, 1]
Agent 41 choice: [0, 1]
Agent 42 choice: [0, 1]
Agent 43 choice: [0, 1], [1, 13]
Agent 44 choice: [0, 1]
Agent 45 choice: [0, 1]
Agent 46 choice: [0, 1]
Agent 47 choice: [0, 1]
Agent 48 choice: [0, 1]
Agent 49 choice: [0, 1], [1, 3], [2, 4], [3, 5], [4, 6]

---------------------------------------------------------------
Normal termination.



###################################################################################################
Fans-MacBook-Pro:PS7 fanfeng$ ./blockchain 10 300 .9 .05 .1 1543782199

---------------------------------------------------------------
  Fan Feng
  CPSC 427/527
  Sat Dec  8 2018 22:15:49
---------------------------------------------------------------
Welcome to Consensus Simulator!
Using seed: 1543782199
    numAgents: 10
    maxRounds: 300
      probNak: 0.9
   probFickle: 0.05
   probExtend: 0.1

Population statistics: 
       numNak: 8
    numFickle: 0
     numCrowd: 2

Current blockchain choices after 300 rounds: 
Agent 0 choice: [0, 1], [1, 5], [2, 6], [3, 7], [4, 8], [5, 14], [6, 15], [7, 16], [8, 20], [9, 24], [10, 26], [11, 29], [12, 30], [13, 33], [14, 34]
Agent 1 choice: [0, 1], [1, 5], [2, 6], [3, 7], [4, 8], [5, 14], [6, 15], [7, 16], [8, 20], [9, 24], [10, 26], [11, 29]
Agent 2 choice: [0, 1], [1, 5], [2, 6], [3, 7], [4, 8], [5, 14], [6, 15], [7, 16], [8, 20], [9, 24], [10, 26], [11, 29]
Agent 3 choice: [0, 1], [1, 5], [2, 6], [3, 7], [4, 8], [5, 14], [6, 15], [7, 16], [8, 20], [9, 24], [10, 26], [11, 29], [12, 30], [13, 33], [14, 34]
Agent 4 choice: [0, 1], [1, 5], [2, 6], [3, 7], [4, 8], [5, 14], [6, 15], [7, 16], [8, 20], [9, 24], [10, 26], [11, 29], [12, 30], [13, 33], [14, 34]
Agent 5 choice: [0, 1], [1, 5], [2, 6], [3, 7], [4, 8], [5, 14], [6, 15], [7, 16], [8, 20], [9, 31], [10, 32]
Agent 6 choice: [0, 1], [1, 5], [2, 6], [3, 7], [4, 8], [5, 14], [6, 15], [7, 16], [8, 20], [9, 24], [10, 26], [11, 29], [12, 30], [13, 33], [14, 34]
Agent 7 choice: [0, 1], [1, 5], [2, 6], [3, 7], [4, 8], [5, 14], [6, 15], [7, 16], [8, 20], [9, 24], [10, 26], [11, 29], [12, 30], [13, 33], [14, 34]
Agent 8 choice: [0, 1], [1, 5], [2, 6], [3, 7], [4, 8], [5, 14], [6, 15], [7, 16], [8, 20], [9, 24], [10, 26], [11, 29], [12, 30]
Agent 9 choice: [0, 1], [1, 5], [2, 6], [3, 7], [4, 8], [5, 14], [6, 15], [7, 16], [8, 20], [9, 24], [10, 26], [11, 29], [12, 30], [13, 33], [14, 34]

---------------------------------------------------------------
Normal termination.



Fans-MacBook-Pro:PS7 fanfeng$ ./blockchain 10 500 .9 .05 .1 1543782199

---------------------------------------------------------------
  Fan Feng
  CPSC 427/527
  Sat Dec  8 2018 22:15:56
---------------------------------------------------------------
Welcome to Consensus Simulator!
Using seed: 1543782199
    numAgents: 10
    maxRounds: 500
      probNak: 0.9
   probFickle: 0.05
   probExtend: 0.1

Population statistics: 
       numNak: 8
    numFickle: 0
     numCrowd: 2

Current blockchain choices after 500 rounds: 
Agent 0 choice: [0, 1], [1, 5], [2, 6], [3, 7], [4, 8], [5, 14], [6, 15], [7, 16], [8, 20], [9, 24], [10, 26], [11, 29], [12, 30], [13, 33], [14, 34], [15, 39], [16, 43], [17, 47], [18, 51]
Agent 1 choice: [0, 1], [1, 5], [2, 6], [3, 7], [4, 8], [5, 14], [6, 15], [7, 16], [8, 20], [9, 24], [10, 26], [11, 29], [12, 30], [13, 33], [14, 34], [15, 39], [16, 43], [17, 47], [18, 50]
Agent 2 choice: [0, 1], [1, 5], [2, 6], [3, 7], [4, 8], [5, 14], [6, 15], [7, 16], [8, 20], [9, 24], [10, 26], [11, 29], [12, 30], [13, 33], [14, 34], [15, 39], [16, 43], [17, 47], [18, 50], [19, 52]
Agent 3 choice: [0, 1], [1, 5], [2, 6], [3, 7], [4, 8], [5, 14], [6, 15], [7, 16], [8, 20], [9, 24], [10, 26], [11, 29], [12, 30], [13, 33], [14, 34], [15, 39], [16, 43], [17, 47], [18, 50], [19, 52]
Agent 4 choice: [0, 1], [1, 5], [2, 6], [3, 7], [4, 8], [5, 14], [6, 15], [7, 16], [8, 20], [9, 24], [10, 26], [11, 29], [12, 30], [13, 33], [14, 34], [15, 39], [16, 43], [17, 47], [18, 50]
Agent 5 choice: [0, 1], [1, 5], [2, 6], [3, 7], [4, 8], [5, 14], [6, 15], [7, 16], [8, 20], [9, 24], [10, 26], [11, 29], [12, 30], [13, 33], [14, 34], [15, 45], [16, 46]
Agent 6 choice: [0, 1], [1, 5], [2, 6], [3, 7], [4, 8], [5, 14], [6, 15], [7, 16], [8, 20], [9, 24], [10, 26], [11, 29], [12, 30], [13, 33], [14, 34], [15, 39], [16, 43], [17, 47], [18, 50]
Agent 7 choice: [0, 1], [1, 5], [2, 6], [3, 7], [4, 8], [5, 14], [6, 15], [7, 16], [8, 20], [9, 24], [10, 26], [11, 29], [12, 30], [13, 33], [14, 34], [15, 39], [16, 43], [17, 47], [18, 50]
Agent 8 choice: [0, 1], [1, 5], [2, 6], [3, 7], [4, 8], [5, 14], [6, 15], [7, 16], [8, 20], [9, 24], [10, 26], [11, 29], [12, 30], [13, 33], [14, 34], [15, 39], [16, 43], [17, 47], [18, 50], [19, 53]
Agent 9 choice: [0, 1], [1, 5], [2, 6], [3, 7], [4, 8], [5, 14], [6, 15], [7, 16], [8, 20], [9, 24], [10, 26], [11, 29], [12, 30], [13, 33], [14, 34], [15, 39], [16, 43], [17, 47], [18, 50], [19, 52]

---------------------------------------------------------------
Normal termination.



###################################################################################################
Fans-MacBook-Pro:PS7 fanfeng$ ./blockchain 10 100 .7 .05 .1 1543782199

---------------------------------------------------------------
  Fan Feng
  CPSC 427/527
  Sat Dec  8 2018 22:17:11
---------------------------------------------------------------
Welcome to Consensus Simulator!
Using seed: 1543782199
    numAgents: 10
    maxRounds: 100
      probNak: 0.7
   probFickle: 0.05
   probExtend: 0.1

Population statistics: 
       numNak: 7
    numFickle: 0
     numCrowd: 3

Current blockchain choices after 100 rounds: 
Agent 0 choice: [0, 1], [1, 5], [2, 6], [3, 7], [4, 12]
Agent 1 choice: [0, 1], [1, 5], [2, 6], [3, 7], [4, 8]
Agent 2 choice: [0, 1], [1, 5], [2, 6], [3, 9], [4, 10]
Agent 3 choice: [0, 1], [1, 3], [2, 14]
Agent 4 choice: [0, 1], [1, 3], [2, 11], [3, 13]
Agent 5 choice: [0, 1], [1, 4]
Agent 6 choice: [0, 1], [1, 5], [2, 6], [3, 7], [4, 8]
Agent 7 choice: [0, 1], [1, 5], [2, 6], [3, 7], [4, 12]
Agent 8 choice: [0, 1], [1, 5], [2, 6], [3, 7], [4, 8]
Agent 9 choice: [0, 1], [1, 5], [2, 6], [3, 7], [4, 8]

---------------------------------------------------------------
Normal termination.



Fans-MacBook-Pro:PS7 fanfeng$ ./blockchain 10 100 .5 .05 .1 1543782199

---------------------------------------------------------------
  Fan Feng
  CPSC 427/527
  Sat Dec  8 2018 22:17:15
---------------------------------------------------------------
Welcome to Consensus Simulator!
Using seed: 1543782199
    numAgents: 10
    maxRounds: 100
      probNak: 0.5
   probFickle: 0.05
   probExtend: 0.1

Population statistics: 
       numNak: 7
    numFickle: 0
     numCrowd: 3

Current blockchain choices after 100 rounds: 
Agent 0 choice: [0, 1], [1, 5], [2, 6], [3, 7], [4, 12]
Agent 1 choice: [0, 1], [1, 5], [2, 6], [3, 7], [4, 8]
Agent 2 choice: [0, 1], [1, 5], [2, 6], [3, 9], [4, 10]
Agent 3 choice: [0, 1], [1, 3], [2, 14]
Agent 4 choice: [0, 1], [1, 3], [2, 11], [3, 13]
Agent 5 choice: [0, 1], [1, 4]
Agent 6 choice: [0, 1], [1, 5], [2, 6], [3, 7], [4, 8]
Agent 7 choice: [0, 1], [1, 5], [2, 6], [3, 7], [4, 12]
Agent 8 choice: [0, 1], [1, 5], [2, 6], [3, 7], [4, 8]
Agent 9 choice: [0, 1], [1, 5], [2, 6], [3, 7], [4, 8]

---------------------------------------------------------------
Normal termination.



Fans-MacBook-Pro:PS7 fanfeng$ ./blockchain 10 100 .3 .05 .1 1543782199

---------------------------------------------------------------
  Fan Feng
  CPSC 427/527
  Sat Dec  8 2018 22:17:19
---------------------------------------------------------------
Welcome to Consensus Simulator!
Using seed: 1543782199
    numAgents: 10
    maxRounds: 100
      probNak: 0.3
   probFickle: 0.05
   probExtend: 0.1

Population statistics: 
       numNak: 6
    numFickle: 1
     numCrowd: 3

Current blockchain choices after 100 rounds: 
Agent 0 choice: [0, 1], [1, 5], [2, 6], [3, 7], [4, 12]
Agent 1 choice: [0, 1], [1, 5], [2, 6], [3, 7]
Agent 2 choice: [0, 1], [1, 5], [2, 6], [3, 9], [4, 10]
Agent 3 choice: [0, 1], [1, 5], [2, 6], [3, 9], [4, 10]
Agent 4 choice: [0, 1], [1, 3], [2, 11], [3, 13]
Agent 5 choice: [0, 1], [1, 4]
Agent 6 choice: [0, 1], [1, 5], [2, 6], [3, 9], [4, 10]
Agent 7 choice: [0, 1], [1, 5], [2, 6], [3, 7], [4, 12]
Agent 8 choice: [0, 1], [1, 5], [2, 6], [3, 9], [4, 10]
Agent 9 choice: [0, 1], [1, 5], [2, 6], [3, 9], [4, 10]

---------------------------------------------------------------
Normal termination.



Fans-MacBook-Pro:PS7 fanfeng$ ./blockchain 10 100 .1 .05 .1 1543782199

---------------------------------------------------------------
  Fan Feng
  CPSC 427/527
  Sat Dec  8 2018 22:17:23
---------------------------------------------------------------
Welcome to Consensus Simulator!
Using seed: 1543782199
    numAgents: 10
    maxRounds: 100
      probNak: 0.1
   probFickle: 0.05
   probExtend: 0.1

Population statistics: 
       numNak: 1
    numFickle: 1
     numCrowd: 8

Current blockchain choices after 100 rounds: 
Agent 0 choice: [0, 1]
Agent 1 choice: [0, 1]
Agent 2 choice: [0, 1]
Agent 3 choice: [0, 1]
Agent 4 choice: [0, 1]
Agent 5 choice: [0, 1]
Agent 6 choice: [0, 1]
Agent 7 choice: [0, 1]
Agent 8 choice: [0, 1]
Agent 9 choice: [0, 1]

---------------------------------------------------------------
Normal termination.



###################################################################################################
Fans-MacBook-Pro:PS7 fanfeng$ ./blockchain 10 100 .05 .1 .1 1543782199

---------------------------------------------------------------
  Fan Feng
  CPSC 427/527
  Sat Dec  8 2018 22:20:47
---------------------------------------------------------------
Welcome to Consensus Simulator!
Using seed: 1543782199
    numAgents: 10
    maxRounds: 100
      probNak: 0.05
   probFickle: 0.1
   probExtend: 0.1

Population statistics: 
       numNak: 1
    numFickle: 1
     numCrowd: 8

Current blockchain choices after 100 rounds: 
Agent 0 choice: [0, 1]
Agent 1 choice: [0, 1]
Agent 2 choice: [0, 1]
Agent 3 choice: [0, 1]
Agent 4 choice: [0, 1]
Agent 5 choice: [0, 1]
Agent 6 choice: [0, 1]
Agent 7 choice: [0, 1]
Agent 8 choice: [0, 1]
Agent 9 choice: [0, 1]

---------------------------------------------------------------
Normal termination.



Fans-MacBook-Pro:PS7 fanfeng$ ./blockchain 10 100 .05 .3 .1 1543782199

---------------------------------------------------------------
  Fan Feng
  CPSC 427/527
  Sat Dec  8 2018 22:20:56
---------------------------------------------------------------
Welcome to Consensus Simulator!
Using seed: 1543782199
    numAgents: 10
    maxRounds: 100
      probNak: 0.05
   probFickle: 0.3
   probExtend: 0.1

Population statistics: 
       numNak: 1
    numFickle: 6
     numCrowd: 3

Current blockchain choices after 100 rounds: 
Agent 0 choice: [0, 1], [1, 12]
Agent 1 choice: [0, 1]
Agent 2 choice: [0, 1]
Agent 3 choice: [0, 1]
Agent 4 choice: [0, 1]
Agent 5 choice: [0, 1]
Agent 6 choice: [0, 1]
Agent 7 choice: [0, 1]
Agent 8 choice: [0, 1]
Agent 9 choice: [0, 1], [1, 3]

---------------------------------------------------------------
Normal termination.



Fans-MacBook-Pro:PS7 fanfeng$ ./blockchain 10 100 .05 .5 .1 1543782199

---------------------------------------------------------------
  Fan Feng
  CPSC 427/527
  Sat Dec  8 2018 22:21:02
---------------------------------------------------------------
Welcome to Consensus Simulator!
Using seed: 1543782199
    numAgents: 10
    maxRounds: 100
      probNak: 0.05
   probFickle: 0.5
   probExtend: 0.1

Population statistics: 
       numNak: 1
    numFickle: 6
     numCrowd: 3

Current blockchain choices after 100 rounds: 
Agent 0 choice: [0, 1], [1, 12]
Agent 1 choice: [0, 1]
Agent 2 choice: [0, 1]
Agent 3 choice: [0, 1]
Agent 4 choice: [0, 1]
Agent 5 choice: [0, 1]
Agent 6 choice: [0, 1]
Agent 7 choice: [0, 1]
Agent 8 choice: [0, 1]
Agent 9 choice: [0, 1], [1, 3]

---------------------------------------------------------------
Normal termination.



Fans-MacBook-Pro:PS7 fanfeng$ ./blockchain 10 100 .05 .7 .1 1543782199

---------------------------------------------------------------
  Fan Feng
  CPSC 427/527
  Sat Dec  8 2018 22:21:06
---------------------------------------------------------------
Welcome to Consensus Simulator!
Using seed: 1543782199
    numAgents: 10
    maxRounds: 100
      probNak: 0.05
   probFickle: 0.7
   probExtend: 0.1

Population statistics: 
       numNak: 1
    numFickle: 6
     numCrowd: 3

Current blockchain choices after 100 rounds: 
Agent 0 choice: [0, 1], [1, 12]
Agent 1 choice: [0, 1]
Agent 2 choice: [0, 1]
Agent 3 choice: [0, 1]
Agent 4 choice: [0, 1]
Agent 5 choice: [0, 1]
Agent 6 choice: [0, 1]
Agent 7 choice: [0, 1]
Agent 8 choice: [0, 1]
Agent 9 choice: [0, 1], [1, 3]

---------------------------------------------------------------
Normal termination.



Fans-MacBook-Pro:PS7 fanfeng$ ./blockchain 10 100 .05 .9 .1 1543782199

---------------------------------------------------------------
  Fan Feng
  CPSC 427/527
  Sat Dec  8 2018 22:21:09
---------------------------------------------------------------
Welcome to Consensus Simulator!
Using seed: 1543782199
    numAgents: 10
    maxRounds: 100
      probNak: 0.05
   probFickle: 0.9
   probExtend: 0.1

Population statistics: 
       numNak: 1
    numFickle: 7
     numCrowd: 2

Current blockchain choices after 100 rounds: 
Agent 0 choice: [0, 1], [1, 12]
Agent 1 choice: [0, 1]
Agent 2 choice: [0, 1]
Agent 3 choice: [0, 1], [1, 4]
Agent 4 choice: [0, 1], [1, 12]
Agent 5 choice: [0, 1]
Agent 6 choice: [0, 1]
Agent 7 choice: [0, 1], [1, 12]
Agent 8 choice: [0, 1], [1, 4]
Agent 9 choice: [0, 1], [1, 4]

---------------------------------------------------------------
Normal termination.



###################################################################################################
Fans-MacBook-Pro:PS7 fanfeng$ ./blockchain 10 100 .9 .05 .3 1543782199

---------------------------------------------------------------
  Fan Feng
  CPSC 427/527
  Sat Dec  8 2018 22:22:26
---------------------------------------------------------------
Welcome to Consensus Simulator!
Using seed: 1543782199
    numAgents: 10
    maxRounds: 100
      probNak: 0.9
   probFickle: 0.05
   probExtend: 0.3

Population statistics: 
       numNak: 8
    numFickle: 0
     numCrowd: 2

Current blockchain choices after 100 rounds: 
Agent 0 choice: [0, 1], [1, 2]
Agent 1 choice: [0, 1], [1, 3], [2, 7], [3, 8], [4, 12], [5, 13], [6, 15], [7, 17], [8, 21]
Agent 2 choice: [0, 1], [1, 3], [2, 7], [3, 8], [4, 12], [5, 13], [6, 15], [7, 22]
Agent 3 choice: [0, 1], [1, 3], [2, 7], [3, 8], [4, 12], [5, 13], [6, 15], [7, 22]
Agent 4 choice: [0, 1], [1, 3], [2, 7], [3, 8]
Agent 5 choice: [0, 1], [1, 3], [2, 7], [3, 8]
Agent 6 choice: [0, 1], [1, 3], [2, 7], [3, 8], [4, 12], [5, 13], [6, 15], [7, 19]
Agent 7 choice: [0, 1], [1, 3], [2, 7], [3, 8], [4, 12], [5, 13], [6, 15]
Agent 8 choice: [0, 1], [1, 3], [2, 7], [3, 8], [4, 12], [5, 13], [6, 15], [7, 19], [8, 23]
Agent 9 choice: [0, 1], [1, 3], [2, 7], [3, 8], [4, 18]

---------------------------------------------------------------
Normal termination.



Fans-MacBook-Pro:PS7 fanfeng$ ./blockchain 10 100 .9 .05 .5 1543782199

---------------------------------------------------------------
  Fan Feng
  CPSC 427/527
  Sat Dec  8 2018 22:22:30
---------------------------------------------------------------
Welcome to Consensus Simulator!
Using seed: 1543782199
    numAgents: 10
    maxRounds: 100
      probNak: 0.9
   probFickle: 0.05
   probExtend: 0.5

Population statistics: 
       numNak: 8
    numFickle: 0
     numCrowd: 2

Current blockchain choices after 100 rounds: 
Agent 0 choice: [0, 1], [1, 2], [2, 29], [3, 47], [4, 56]
Agent 1 choice: [0, 1], [1, 17], [2, 18], [3, 25], [4, 26], [5, 28], [6, 39], [7, 40], [8, 44], [9, 57]
Agent 2 choice: [0, 1], [1, 17], [2, 18], [3, 25], [4, 26], [5, 28], [6, 33], [7, 36], [8, 41]
Agent 3 choice: [0, 1], [1, 17], [2, 18], [3, 25], [4, 26], [5, 28], [6, 33], [7, 35], [8, 38], [9, 49]
Agent 4 choice: [0, 1], [1, 17], [2, 18], [3, 25], [4, 26], [5, 28], [6, 39], [7, 40], [8, 44], [9, 50]
Agent 5 choice: [0, 1], [1, 2], [2, 16], [3, 19], [4, 34], [5, 45], [6, 53], [7, 55]
Agent 6 choice: [0, 1], [1, 17], [2, 18], [3, 25], [4, 26], [5, 28], [6, 33], [7, 36], [8, 41]
Agent 7 choice: [0, 1], [1, 5], [2, 27], [3, 32], [4, 42], [5, 48]
Agent 8 choice: [0, 1], [1, 17], [2, 18], [3, 25], [4, 26], [5, 28], [6, 33], [7, 36], [8, 41]
Agent 9 choice: [0, 1], [1, 8], [2, 9], [3, 12], [4, 24], [5, 37], [6, 54]

---------------------------------------------------------------
Normal termination.



Fans-MacBook-Pro:PS7 fanfeng$ ./blockchain 10 100 .9 .05 .7 1543782199

---------------------------------------------------------------
  Fan Feng
  CPSC 427/527
  Sat Dec  8 2018 22:22:34
---------------------------------------------------------------
Welcome to Consensus Simulator!
Using seed: 1543782199
    numAgents: 10
    maxRounds: 100
      probNak: 0.9
   probFickle: 0.05
   probExtend: 0.7

Population statistics: 
       numNak: 8
    numFickle: 0
     numCrowd: 2

Current blockchain choices after 100 rounds: 
Agent 0 choice: [0, 1], [1, 6], [2, 21], [3, 32], [4, 34], [5, 42], [6, 48], [7, 50], [8, 63], [9, 67], [10, 72]
Agent 1 choice: [0, 1], [1, 6], [2, 21], [3, 32], [4, 34], [5, 42], [6, 48], [7, 50], [8, 63], [9, 67], [10, 72]
Agent 2 choice: [0, 1], [1, 7], [2, 15], [3, 30], [4, 36], [5, 37], [6, 39], [7, 51], [8, 57], [9, 62], [10, 66], [11, 77]
Agent 3 choice: [0, 1], [1, 7], [2, 15], [3, 30], [4, 36], [5, 37], [6, 39], [7, 51], [8, 59], [9, 73], [10, 76]
Agent 4 choice: [0, 1], [1, 35], [2, 41], [3, 43], [4, 46], [5, 54], [6, 60], [7, 61], [8, 74]
Agent 5 choice: [0, 1], [1, 3], [2, 4], [3, 25], [4, 53], [5, 55], [6, 64], [7, 69]
Agent 6 choice: [0, 1], [1, 2], [2, 5], [3, 13], [4, 20], [5, 28], [6, 44], [7, 70], [8, 75]
Agent 7 choice: [0, 1], [1, 6], [2, 21], [3, 32], [4, 34], [5, 42], [6, 48], [7, 50], [8, 63], [9, 67], [10, 72], [11, 78]
Agent 8 choice: [0, 1], [1, 7], [2, 15], [3, 30], [4, 36], [5, 37], [6, 39], [7, 51], [8, 79]
Agent 9 choice: [0, 1], [1, 11], [2, 12], [3, 14], [4, 18], [5, 52], [6, 58]

---------------------------------------------------------------
Normal termination.



Fans-MacBook-Pro:PS7 fanfeng$ ./blockchain 10 100 .9 .05 .9 1543782199

---------------------------------------------------------------
  Fan Feng
  CPSC 427/527
  Sat Dec  8 2018 22:22:41
---------------------------------------------------------------
Welcome to Consensus Simulator!
Using seed: 1543782199
    numAgents: 10
    maxRounds: 100
      probNak: 0.9
   probFickle: 0.05
   probExtend: 0.9

Population statistics: 
       numNak: 8
    numFickle: 0
     numCrowd: 2

Current blockchain choices after 100 rounds: 
Agent 0 choice: [0, 1], [1, 2], [2, 16], [3, 23], [4, 31]
Agent 1 choice: [0, 1], [1, 18], [2, 26], [3, 29], [4, 39], [5, 44], [6, 73], [7, 79]
Agent 2 choice: [0, 1], [1, 36], [2, 42], [3, 57], [4, 69]
Agent 3 choice: [0, 1], [1, 4], [2, 5], [3, 6], [4, 12], [5, 13], [6, 19], [7, 27], [8, 37], [9, 53], [10, 55], [11, 63], [12, 65], [13, 85]
Agent 4 choice: [0, 1], [1, 9], [2, 32], [3, 33], [4, 41], [5, 46], [6, 47], [7, 52], [8, 60], [9, 66], [10, 70], [11, 74], [12, 77], [13, 80], [14, 81]
Agent 5 choice: [0, 1], [1, 7], [2, 28], [3, 34], [4, 59], [5, 61], [6, 68], [7, 75]
Agent 6 choice: [0, 1], [1, 10], [2, 22], [3, 35], [4, 51], [5, 62], [6, 76]
Agent 7 choice: [0, 1], [1, 8], [2, 24], [3, 30], [4, 38], [5, 40], [6, 54], [7, 56], [8, 83], [9, 86]
Agent 8 choice: [0, 1], [1, 11], [2, 20], [3, 25], [4, 50], [5, 71], [6, 72], [7, 78]
Agent 9 choice: [0, 1], [1, 3], [2, 14], [3, 15], [4, 17], [5, 21], [6, 43], [7, 45], [8, 48], [9, 49], [10, 58], [11, 64], [12, 67], [13, 82], [14, 84]

---------------------------------------------------------------
Normal termination.


